{"level":"info","message":"Connected to MongoDB: mongodb://localhost:27017/mayura-auth","service":"auth-service","timestamp":"2025-03-06T12:57:01.833Z"}
{"level":"info","message":"Connected to RabbitMQ: amqp://localhost","service":"auth-service","timestamp":"2025-03-06T12:57:01.892Z"}
{"level":"info","message":"Connected to Redis: redis://localhost:6379","service":"auth-service","timestamp":"2025-03-06T12:57:01.893Z"}
{"level":"info","message":"auth-service running on port 3001","service":"auth-service","timestamp":"2025-03-06T12:57:01.895Z"}
{"level":"info","message":"Connected to RabbitMQ","service":"auth-service","timestamp":"2025-03-06T12:57:01.961Z"}
{"level":"info","message":"Message topology restored after reconnection","service":"auth-service","timestamp":"2025-03-06T12:57:01.961Z"}
{"level":"info","message":"Subscribed to queue: auth.user.events","service":"auth-service","timestamp":"2025-03-06T12:57:01.965Z"}
{"ip":"::1","level":"info","message":"GET /health","service":"auth-service","timestamp":"2025-03-07T14:38:55.398Z","userAgent":"PostmanRuntime/7.43.0"}
{"ip":"::1","level":"info","message":"POST /register","service":"auth-service","timestamp":"2025-03-07T14:39:09.045Z","userAgent":"PostmanRuntime/7.43.0"}
{"level":"error","message":"Unhandled error: BadRequestError: request aborted\n    at IncomingMessage.onAborted (E:\\Projects\\node_modules\\raw-body\\index.js:245:10)\n    at IncomingMessage.emit (node:events:518:28)\n    at IncomingMessage._destroy (node:_http_incoming:221:10)\n    at _destroy (node:internal/streams/destroy:122:10)\n    at IncomingMessage.destroy (node:internal/streams/destroy:84:5)\n    at abortIncoming (node:_http_server:809:9)\n    at socketOnClose (node:_http_server:803:3)\n    at Socket.emit (node:events:530:35)\n    at TCP.<anonymous> (node:net:351:12)","service":"auth-service","timestamp":"2025-03-07T14:42:58.356Z"}
{"level":"error","message":"Unhandled error: BadRequestError: request aborted\n    at IncomingMessage.onAborted (E:\\Projects\\node_modules\\raw-body\\index.js:245:10)\n    at IncomingMessage.emit (node:events:518:28)\n    at IncomingMessage._destroy (node:_http_incoming:221:10)\n    at _destroy (node:internal/streams/destroy:122:10)\n    at IncomingMessage.destroy (node:internal/streams/destroy:84:5)\n    at abortIncoming (node:_http_server:809:9)\n    at socketOnClose (node:_http_server:803:3)\n    at Socket.emit (node:events:530:35)\n    at TCP.<anonymous> (node:net:351:12)","service":"auth-service","timestamp":"2025-03-07T14:43:28.363Z"}
{"level":"error","message":"Unhandled error: BadRequestError: request aborted\n    at IncomingMessage.onAborted (E:\\Projects\\node_modules\\raw-body\\index.js:245:10)\n    at IncomingMessage.emit (node:events:518:28)\n    at IncomingMessage._destroy (node:_http_incoming:221:10)\n    at _destroy (node:internal/streams/destroy:122:10)\n    at IncomingMessage.destroy (node:internal/streams/destroy:84:5)\n    at abortIncoming (node:_http_server:809:9)\n    at socketOnClose (node:_http_server:803:3)\n    at Socket.emit (node:events:530:35)\n    at TCP.<anonymous> (node:net:351:12)","service":"auth-service","timestamp":"2025-03-07T14:44:58.401Z"}
{"level":"error","message":"Unhandled error: BadRequestError: request aborted\n    at IncomingMessage.onAborted (E:\\Projects\\node_modules\\raw-body\\index.js:245:10)\n    at IncomingMessage.emit (node:events:518:28)\n    at IncomingMessage._destroy (node:_http_incoming:221:10)\n    at _destroy (node:internal/streams/destroy:122:10)\n    at IncomingMessage.destroy (node:internal/streams/destroy:84:5)\n    at abortIncoming (node:_http_server:809:9)\n    at socketOnClose (node:_http_server:803:3)\n    at Socket.emit (node:events:530:35)\n    at TCP.<anonymous> (node:net:351:12)","service":"auth-service","timestamp":"2025-03-07T14:45:28.408Z"}
{"ip":"::1","level":"info","message":"POST /register","service":"auth-service","timestamp":"2025-03-07T14:47:28.602Z","userAgent":"PostmanRuntime/7.43.0"}
{"ip":"::1","level":"info","message":"POST /register","service":"auth-service","timestamp":"2025-03-07T14:47:42.972Z","userAgent":"PostmanRuntime/7.43.0"}
{"ip":"::1","level":"info","message":"POST /register","service":"auth-service","timestamp":"2025-03-07T14:48:43.315Z","userAgent":"PostmanRuntime/7.43.0"}
{"ip":"::1","level":"info","message":"POST /register","service":"auth-service","timestamp":"2025-03-07T14:49:00.666Z","userAgent":"PostmanRuntime/7.43.0"}
{"ip":"::1","level":"info","message":"POST /register","service":"auth-service","timestamp":"2025-03-07T14:49:18.265Z","userAgent":"PostmanRuntime/7.43.0"}
{"ip":"::1","level":"info","message":"POST /register","service":"auth-service","timestamp":"2025-03-07T14:50:02.445Z","userAgent":"PostmanRuntime/7.43.0"}
{"ip":"::1","level":"info","message":"GET /register","service":"auth-service","timestamp":"2025-03-07T14:52:18.720Z","userAgent":"PostmanRuntime/7.43.0"}
{"ip":"::1","level":"info","message":"POST /register","service":"auth-service","timestamp":"2025-03-07T14:53:12.692Z","userAgent":"PostmanRuntime/7.43.0"}
{"level":"info","message":"Connected to MongoDB: mongodb://localhost:27017/mayura-auth","service":"auth-service","timestamp":"2025-03-07T14:54:59.346Z"}
{"level":"info","message":"Connected to RabbitMQ: amqp://localhost","service":"auth-service","timestamp":"2025-03-07T14:54:59.414Z"}
{"level":"info","message":"Connected to Redis: redis://localhost:6379","service":"auth-service","timestamp":"2025-03-07T14:54:59.416Z"}
{"level":"info","message":"auth-service running on port 3001","service":"auth-service","timestamp":"2025-03-07T14:54:59.418Z"}
{"level":"info","message":"Connected to RabbitMQ","service":"auth-service","timestamp":"2025-03-07T14:54:59.483Z"}
{"level":"info","message":"Message topology restored after reconnection","service":"auth-service","timestamp":"2025-03-07T14:54:59.483Z"}
{"level":"info","message":"Subscribed to queue: auth.user.events","service":"auth-service","timestamp":"2025-03-07T14:54:59.493Z"}
{"ip":"::1","level":"info","message":"POST /register","service":"auth-service","timestamp":"2025-03-07T14:55:02.233Z","userAgent":"PostmanRuntime/7.43.0"}
{"level":"info","message":"Connected to MongoDB: mongodb://localhost:27017/mayura-auth","service":"auth-service","timestamp":"2025-03-07T14:55:50.283Z"}
{"level":"info","message":"Connected to RabbitMQ: amqp://localhost","service":"auth-service","timestamp":"2025-03-07T14:55:50.342Z"}
{"level":"info","message":"Connected to Redis: redis://localhost:6379","service":"auth-service","timestamp":"2025-03-07T14:55:50.343Z"}
{"level":"info","message":"auth-service running on port 3001","service":"auth-service","timestamp":"2025-03-07T14:55:50.347Z"}
{"level":"info","message":"Connected to RabbitMQ","service":"auth-service","timestamp":"2025-03-07T14:55:50.411Z"}
{"level":"info","message":"Message topology restored after reconnection","service":"auth-service","timestamp":"2025-03-07T14:55:50.412Z"}
{"level":"info","message":"Subscribed to queue: auth.user.events","service":"auth-service","timestamp":"2025-03-07T14:55:50.417Z"}
{"ip":"::1","level":"info","message":"POST /register","service":"auth-service","timestamp":"2025-03-07T14:55:55.411Z","userAgent":"PostmanRuntime/7.43.0"}
{"level":"warn","message":"Registration validation failed: Missing required fields: password","receivedBody":{"email":"admin@mayurapos.com","oassword":"password123","username":"admin"},"service":"auth-service","timestamp":"2025-03-07T14:55:55.412Z"}
{"ip":"::1","level":"info","message":"POST /register","service":"auth-service","timestamp":"2025-03-07T14:56:06.723Z","userAgent":"PostmanRuntime/7.43.0"}
{"content":{"email":"admin@mayurapos.com","roles":["user"],"timestamp":"2025-03-07T14:56:06.789Z","userId":"67cb09069302386942797a6c","username":"admin"},"level":"info","message":"Received user event: user.created","service":"auth-service","timestamp":"2025-03-07T14:56:06.796Z"}
{"ip":"::1","level":"info","message":"POST /register","service":"auth-service","timestamp":"2025-03-07T14:56:09.533Z","userAgent":"PostmanRuntime/7.43.0"}
{"ip":"::1","level":"info","message":"POST /login","service":"auth-service","timestamp":"2025-03-07T14:56:31.527Z","userAgent":"PostmanRuntime/7.43.0"}
{"content":{"timestamp":"2025-03-07T14:56:31.583Z","userId":"67cb09069302386942797a6c"},"level":"info","message":"Received user event: user.login","service":"auth-service","timestamp":"2025-03-07T14:56:31.584Z"}
{"ip":"::1","level":"info","message":"POST /login","service":"auth-service","timestamp":"2025-03-07T14:56:40.639Z","userAgent":"PostmanRuntime/7.43.0"}
{"content":{"timestamp":"2025-03-07T14:56:40.692Z","userId":"67cb09069302386942797a6c"},"level":"info","message":"Received user event: user.login","service":"auth-service","timestamp":"2025-03-07T14:56:40.694Z"}
{"level":"error","message":"Unhandled error: BadRequestError: request aborted\n    at IncomingMessage.onAborted (E:\\Projects\\node_modules\\raw-body\\index.js:245:10)\n    at IncomingMessage.emit (node:events:518:28)\n    at IncomingMessage._destroy (node:_http_incoming:221:10)\n    at _destroy (node:internal/streams/destroy:122:10)\n    at IncomingMessage.destroy (node:internal/streams/destroy:84:5)\n    at abortIncoming (node:_http_server:809:9)\n    at socketOnClose (node:_http_server:803:3)\n    at Socket.emit (node:events:530:35)\n    at TCP.<anonymous> (node:net:351:12)","service":"auth-service","timestamp":"2025-03-07T14:58:45.134Z"}
{"level":"error","message":"Unhandled error: BadRequestError: request aborted\n    at IncomingMessage.onAborted (E:\\Projects\\node_modules\\raw-body\\index.js:245:10)\n    at IncomingMessage.emit (node:events:518:28)\n    at IncomingMessage._destroy (node:_http_incoming:221:10)\n    at _destroy (node:internal/streams/destroy:122:10)\n    at IncomingMessage.destroy (node:internal/streams/destroy:84:5)\n    at abortIncoming (node:_http_server:809:9)\n    at socketOnClose (node:_http_server:803:3)\n    at Socket.emit (node:events:530:35)\n    at TCP.<anonymous> (node:net:351:12)","service":"auth-service","timestamp":"2025-03-07T14:58:45.135Z"}
{"ip":"::1","level":"info","message":"POST /login","service":"auth-service","timestamp":"2025-03-07T14:58:54.680Z","userAgent":"PostmanRuntime/7.43.0"}
{"content":{"timestamp":"2025-03-07T14:58:54.733Z","userId":"67cb09069302386942797a6c"},"level":"info","message":"Received user event: user.login","service":"auth-service","timestamp":"2025-03-07T14:58:54.736Z"}
{"ip":"::1","level":"info","message":"POST /register","service":"auth-service","timestamp":"2025-03-07T14:59:17.994Z","userAgent":"Mozilla/5.0 (Windows NT 10.0; Win64; x64) AppleWebKit/537.36 (KHTML, like Gecko) Chrome/133.0.0.0 Safari/537.36"}
{"ip":"::1","level":"info","message":"POST /login","service":"auth-service","timestamp":"2025-03-07T14:59:25.101Z","userAgent":"Mozilla/5.0 (Windows NT 10.0; Win64; x64) AppleWebKit/537.36 (KHTML, like Gecko) Chrome/133.0.0.0 Safari/537.36"}
{"content":{"timestamp":"2025-03-07T14:59:25.152Z","userId":"67cb09069302386942797a6c"},"level":"info","message":"Received user event: user.login","service":"auth-service","timestamp":"2025-03-07T14:59:25.154Z"}
{"ip":"::1","level":"info","message":"POST /login","service":"auth-service","timestamp":"2025-03-07T15:00:00.399Z","userAgent":"Mozilla/5.0 (Windows NT 10.0; Win64; x64) AppleWebKit/537.36 (KHTML, like Gecko) Chrome/133.0.0.0 Safari/537.36"}
{"content":{"timestamp":"2025-03-07T15:00:00.450Z","userId":"67cb09069302386942797a6c"},"level":"info","message":"Received user event: user.login","service":"auth-service","timestamp":"2025-03-07T15:00:00.451Z"}
{"ip":"::1","level":"info","message":"POST /login","service":"auth-service","timestamp":"2025-03-07T15:03:39.808Z","userAgent":"Mozilla/5.0 (Windows NT 10.0; Win64; x64) AppleWebKit/537.36 (KHTML, like Gecko) Chrome/133.0.0.0 Safari/537.36"}
{"content":{"timestamp":"2025-03-07T15:03:39.860Z","userId":"67cb09069302386942797a6c"},"level":"info","message":"Received user event: user.login","service":"auth-service","timestamp":"2025-03-07T15:03:39.862Z"}
{"ip":"::1","level":"info","message":"POST /login","service":"auth-service","timestamp":"2025-03-07T15:04:11.308Z","userAgent":"Mozilla/5.0 (Windows NT 10.0; Win64; x64) AppleWebKit/537.36 (KHTML, like Gecko) Chrome/133.0.0.0 Safari/537.36"}
{"content":{"timestamp":"2025-03-07T15:04:11.360Z","userId":"67cb09069302386942797a6c"},"level":"info","message":"Received user event: user.login","service":"auth-service","timestamp":"2025-03-07T15:04:11.361Z"}
{"ip":"::1","level":"info","message":"POST /login","service":"auth-service","timestamp":"2025-03-07T15:04:17.682Z","userAgent":"Mozilla/5.0 (Windows NT 10.0; Win64; x64) AppleWebKit/537.36 (KHTML, like Gecko) Chrome/133.0.0.0 Safari/537.36"}
{"ip":"::1","level":"info","message":"POST /login","service":"auth-service","timestamp":"2025-03-07T15:07:37.505Z","userAgent":"Mozilla/5.0 (Windows NT 10.0; Win64; x64) AppleWebKit/537.36 (KHTML, like Gecko) Chrome/133.0.0.0 Safari/537.36"}
{"content":{"timestamp":"2025-03-07T15:07:37.558Z","userId":"67cb09069302386942797a6c"},"level":"info","message":"Received user event: user.login","service":"auth-service","timestamp":"2025-03-07T15:07:37.560Z"}
{"ip":"::1","level":"info","message":"POST /login","service":"auth-service","timestamp":"2025-03-07T15:07:53.336Z","userAgent":"Mozilla/5.0 (Windows NT 10.0; Win64; x64) AppleWebKit/537.36 (KHTML, like Gecko) Chrome/133.0.0.0 Safari/537.36"}
{"content":{"timestamp":"2025-03-07T15:07:53.390Z","userId":"67cb09069302386942797a6c"},"level":"info","message":"Received user event: user.login","service":"auth-service","timestamp":"2025-03-07T15:07:53.391Z"}
{"ip":"::1","level":"info","message":"POST /login","service":"auth-service","timestamp":"2025-03-07T15:08:03.150Z","userAgent":"Mozilla/5.0 (Windows NT 10.0; Win64; x64) AppleWebKit/537.36 (KHTML, like Gecko) Chrome/133.0.0.0 Safari/537.36"}
{"content":{"timestamp":"2025-03-07T15:08:03.204Z","userId":"67cb09069302386942797a6c"},"level":"info","message":"Received user event: user.login","service":"auth-service","timestamp":"2025-03-07T15:08:03.205Z"}
{"ip":"::1","level":"info","message":"POST /login","service":"auth-service","timestamp":"2025-03-07T15:16:13.538Z","userAgent":"Mozilla/5.0 (Windows NT 10.0; Win64; x64) AppleWebKit/537.36 (KHTML, like Gecko) Chrome/133.0.0.0 Safari/537.36"}
{"content":{"timestamp":"2025-03-07T15:16:13.589Z","userId":"67cb09069302386942797a6c"},"level":"info","message":"Received user event: user.login","service":"auth-service","timestamp":"2025-03-07T15:16:13.591Z"}
{"ip":"::1","level":"info","message":"POST /login","service":"auth-service","timestamp":"2025-03-07T15:16:29.303Z","userAgent":"Mozilla/5.0 (Windows NT 10.0; Win64; x64) AppleWebKit/537.36 (KHTML, like Gecko) Chrome/133.0.0.0 Safari/537.36"}
{"content":{"timestamp":"2025-03-07T15:16:29.355Z","userId":"67cb09069302386942797a6c"},"level":"info","message":"Received user event: user.login","service":"auth-service","timestamp":"2025-03-07T15:16:29.356Z"}
{"ip":"::1","level":"info","message":"POST /login","service":"auth-service","timestamp":"2025-03-07T15:17:42.942Z","userAgent":"Mozilla/5.0 (Windows NT 10.0; Win64; x64) AppleWebKit/537.36 (KHTML, like Gecko) Chrome/133.0.0.0 Safari/537.36"}
{"content":{"timestamp":"2025-03-07T15:17:42.994Z","userId":"67cb09069302386942797a6c"},"level":"info","message":"Received user event: user.login","service":"auth-service","timestamp":"2025-03-07T15:17:42.996Z"}
{"level":"info","message":"Connected to MongoDB: mongodb://localhost:27017/mayura-auth","service":"auth-service","timestamp":"2025-03-07T15:20:11.001Z"}
{"level":"info","message":"Connected to RabbitMQ: amqp://localhost","service":"auth-service","timestamp":"2025-03-07T15:20:11.066Z"}
{"level":"info","message":"Connected to Redis: redis://localhost:6379","service":"auth-service","timestamp":"2025-03-07T15:20:11.067Z"}
{"level":"info","message":"auth-service running on port 3001","service":"auth-service","timestamp":"2025-03-07T15:20:11.070Z"}
{"level":"info","message":"Connected to RabbitMQ","service":"auth-service","timestamp":"2025-03-07T15:20:11.135Z"}
{"level":"info","message":"Message topology restored after reconnection","service":"auth-service","timestamp":"2025-03-07T15:20:11.135Z"}
{"level":"info","message":"Subscribed to queue: auth.user.events","service":"auth-service","timestamp":"2025-03-07T15:20:11.141Z"}
{"ip":"::1","level":"info","message":"POST /login","service":"auth-service","timestamp":"2025-03-07T15:20:18.304Z","userAgent":"Mozilla/5.0 (Windows NT 10.0; Win64; x64) AppleWebKit/537.36 (KHTML, like Gecko) Chrome/133.0.0.0 Safari/537.36"}
{"level":"error","message":"Login error: ReferenceError: token is not defined","service":"auth-service","timestamp":"2025-03-07T15:20:18.373Z"}
{"content":{"timestamp":"2025-03-07T15:20:18.373Z","userId":"67cb09069302386942797a6c"},"level":"info","message":"Received user event: user.login","service":"auth-service","timestamp":"2025-03-07T15:20:18.377Z"}
{"ip":"::1","level":"info","message":"POST /login","service":"auth-service","timestamp":"2025-03-07T15:20:28.278Z","userAgent":"Mozilla/5.0 (Windows NT 10.0; Win64; x64) AppleWebKit/537.36 (KHTML, like Gecko) Chrome/133.0.0.0 Safari/537.36"}
{"level":"error","message":"Login error: ReferenceError: token is not defined","service":"auth-service","timestamp":"2025-03-07T15:20:28.332Z"}
{"content":{"timestamp":"2025-03-07T15:20:28.332Z","userId":"67cb09069302386942797a6c"},"level":"info","message":"Received user event: user.login","service":"auth-service","timestamp":"2025-03-07T15:20:28.333Z"}
{"level":"info","message":"Connected to MongoDB: mongodb://localhost:27017/mayura-auth","service":"auth-service","timestamp":"2025-03-07T15:21:30.675Z"}
{"level":"info","message":"Connected to RabbitMQ: amqp://localhost","service":"auth-service","timestamp":"2025-03-07T15:21:30.734Z"}
{"level":"info","message":"Connected to Redis: redis://localhost:6379","service":"auth-service","timestamp":"2025-03-07T15:21:30.735Z"}
{"level":"info","message":"auth-service running on port 3001","service":"auth-service","timestamp":"2025-03-07T15:21:30.737Z"}
{"level":"info","message":"Connected to RabbitMQ","service":"auth-service","timestamp":"2025-03-07T15:21:30.803Z"}
{"level":"info","message":"Message topology restored after reconnection","service":"auth-service","timestamp":"2025-03-07T15:21:30.803Z"}
{"level":"info","message":"Subscribed to queue: auth.user.events","service":"auth-service","timestamp":"2025-03-07T15:21:30.808Z"}
{"ip":"::1","level":"info","message":"POST /login","service":"auth-service","timestamp":"2025-03-07T15:24:00.862Z","userAgent":"Mozilla/5.0 (Windows NT 10.0; Win64; x64) AppleWebKit/537.36 (KHTML, like Gecko) Chrome/133.0.0.0 Safari/537.36"}
{"content":{"timestamp":"2025-03-07T15:24:00.933Z","userId":"67cb09069302386942797a6c"},"level":"info","message":"Received user event: user.login","service":"auth-service","timestamp":"2025-03-07T15:24:00.936Z"}
{"ip":"::1","level":"info","message":"GET /me","service":"auth-service","timestamp":"2025-03-07T15:24:47.777Z","userAgent":"Mozilla/5.0 (Windows NT 10.0; Win64; x64) AppleWebKit/537.36 (KHTML, like Gecko) Chrome/133.0.0.0 Safari/537.36"}
{"ip":"::1","level":"info","message":"GET /me","service":"auth-service","timestamp":"2025-03-07T15:24:47.786Z","userAgent":"Mozilla/5.0 (Windows NT 10.0; Win64; x64) AppleWebKit/537.36 (KHTML, like Gecko) Chrome/133.0.0.0 Safari/537.36"}
{"level":"info","message":"Shutting down auth-service","service":"auth-service","timestamp":"2025-03-07T15:26:25.327Z"}
